<?xml version="1.0" encoding="UTF-8"?>
<!-- Generated by org.testng.reporters.JUnitXMLReporter -->
<testsuite ignored="0" hostname="DESKTOP-284OE2D" failures="0" tests="7" name="Command line test" time="49.22" errors="0" timestamp="03 мар. 2018 19:17:27 GMT">
  <testcase classname="TestCourse.LngTest" name="lngTest" time="4.967"/>
  <testcase classname="TestCourse.MarketTest" name="marketTest" time="6.218"/>
  <testcase classname="TestCourse.MarketTest" name="sortPriceAscIconTest" time="5.076"/>
  <testcase classname="TestCourse.MarketTest" name="sortPriceAscTest" time="6.815"/>
  <testcase classname="TestCourse.MarketTest" name="sortPriceDescIconTest" time="4.373"/>
  <testcase classname="TestCourse.MarketTest" name="sortPriceDescTest" time="7.29"/>
  <testcase classname="TestCourse.YaTest" name="searchTest" time="1.946"/>
</testsuite> <!-- Command line test -->
