<?xml version="1.0" encoding="UTF-8"?>
<!-- Generated by org.testng.reporters.JUnitXMLReporter -->
<testsuite ignored="0" hostname="DESKTOP-284OE2D" failures="0" tests="7" name="Command line test" time="60.487" errors="0" timestamp="03 мар. 2018 19:55:05 GMT">
  <testcase classname="TestCourse.LngTest" name="lngTest" time="4.499"/>
  <testcase classname="TestCourse.MarketTest" name="marketTest" time="5.704"/>
  <testcase classname="TestCourse.MarketTest" name="sortPriceAscIconTest" time="8.524"/>
  <testcase classname="TestCourse.MarketTest" name="sortPriceAscTest" time="15.648"/>
  <testcase classname="TestCourse.MarketTest" name="sortPriceDescIconTest" time="4.06"/>
  <testcase classname="TestCourse.MarketTest" name="sortPriceDescTest" time="7.38"/>
  <testcase classname="TestCourse.YaTest" name="searchTest" time="2.197"/>
</testsuite> <!-- Command line test -->
