<?xml version="1.0" encoding="UTF-8"?>
<testng-results ignored="0" total="7" passed="7" failed="0" skipped="0">
  <reporter-output>
  </reporter-output>
  <suite started-at="2018-03-03T19:54:04Z" name="Command line suite" finished-at="2018-03-03T19:55:05Z" duration-ms="60487">
    <groups>
    </groups>
    <test started-at="2018-03-03T19:54:04Z" name="Command line test" finished-at="2018-03-03T19:55:05Z" duration-ms="60487">
      <class name="TestCourse.LngTest">
        <test-method is-config="true" signature="setup()[pri:0, instance:TestCourse.LngTest@30ee2816]" started-at="2018-03-03T22:54:04Z" name="setup" finished-at="2018-03-03T22:54:08Z" duration-ms="3840" status="PASS">
          <reporter-output>
          </reporter-output>
        </test-method> <!-- setup -->
        <test-method is-config="true" signature="beforeTest()[pri:0, instance:TestCourse.LngTest@30ee2816]" started-at="2018-03-03T22:54:08Z" name="beforeTest" finished-at="2018-03-03T22:54:08Z" duration-ms="12" status="PASS">
          <reporter-output>
          </reporter-output>
        </test-method> <!-- beforeTest -->
        <test-method signature="lngTest()[pri:0, instance:TestCourse.LngTest@30ee2816]" started-at="2018-03-03T22:54:08Z" name="lngTest" finished-at="2018-03-03T22:54:12Z" duration-ms="4499" status="PASS">
          <reporter-output>
          </reporter-output>
        </test-method> <!-- lngTest -->
        <test-method is-config="true" signature="tearDown()[pri:0, instance:TestCourse.LngTest@30ee2816]" started-at="2018-03-03T22:54:12Z" name="tearDown" finished-at="2018-03-03T22:54:13Z" duration-ms="788" status="PASS">
          <reporter-output>
          </reporter-output>
        </test-method> <!-- tearDown -->
      </class> <!-- TestCourse.LngTest -->
      <class name="TestCourse.MarketTest">
        <test-method is-config="true" signature="setup()[pri:0, instance:TestCourse.MarketTest@31d7b7bf]" started-at="2018-03-03T22:54:13Z" name="setup" finished-at="2018-03-03T22:54:16Z" duration-ms="3092" status="PASS">
          <reporter-output>
          </reporter-output>
        </test-method> <!-- setup -->
        <test-method is-config="true" signature="beforeTest()[pri:0, instance:TestCourse.MarketTest@31d7b7bf]" started-at="2018-03-03T22:54:16Z" name="beforeTest" finished-at="2018-03-03T22:54:16Z" duration-ms="0" status="PASS">
          <reporter-output>
          </reporter-output>
        </test-method> <!-- beforeTest -->
        <test-method signature="marketTest()[pri:0, instance:TestCourse.MarketTest@31d7b7bf]" started-at="2018-03-03T22:54:16Z" name="marketTest" finished-at="2018-03-03T22:54:22Z" duration-ms="5704" status="PASS">
          <reporter-output>
          </reporter-output>
        </test-method> <!-- marketTest -->
        <test-method signature="sortPriceAscIconTest()[pri:0, instance:TestCourse.MarketTest@31d7b7bf]" started-at="2018-03-03T22:54:22Z" name="sortPriceAscIconTest" finished-at="2018-03-03T22:54:31Z" duration-ms="8524" status="PASS">
          <reporter-output>
          </reporter-output>
        </test-method> <!-- sortPriceAscIconTest -->
        <test-method signature="sortPriceAscTest()[pri:0, instance:TestCourse.MarketTest@31d7b7bf]" started-at="2018-03-03T22:54:31Z" name="sortPriceAscTest" finished-at="2018-03-03T22:54:46Z" duration-ms="15648" status="PASS">
          <reporter-output>
          </reporter-output>
        </test-method> <!-- sortPriceAscTest -->
        <test-method signature="sortPriceDescIconTest()[pri:0, instance:TestCourse.MarketTest@31d7b7bf]" started-at="2018-03-03T22:54:46Z" name="sortPriceDescIconTest" finished-at="2018-03-03T22:54:50Z" duration-ms="4060" status="PASS">
          <reporter-output>
          </reporter-output>
        </test-method> <!-- sortPriceDescIconTest -->
        <test-method signature="sortPriceDescTest()[pri:0, instance:TestCourse.MarketTest@31d7b7bf]" started-at="2018-03-03T22:54:50Z" name="sortPriceDescTest" finished-at="2018-03-03T22:54:58Z" duration-ms="7380" status="PASS">
          <reporter-output>
          </reporter-output>
        </test-method> <!-- sortPriceDescTest -->
        <test-method is-config="true" signature="tearDown()[pri:0, instance:TestCourse.MarketTest@31d7b7bf]" started-at="2018-03-03T22:54:58Z" name="tearDown" finished-at="2018-03-03T22:54:59Z" duration-ms="868" status="PASS">
          <reporter-output>
          </reporter-output>
        </test-method> <!-- tearDown -->
      </class> <!-- TestCourse.MarketTest -->
      <class name="TestCourse.YaTest">
        <test-method is-config="true" signature="setup()[pri:0, instance:TestCourse.YaTest@635eaaf1]" started-at="2018-03-03T22:54:59Z" name="setup" finished-at="2018-03-03T22:55:02Z" duration-ms="3066" status="PASS">
          <reporter-output>
          </reporter-output>
        </test-method> <!-- setup -->
        <test-method is-config="true" signature="beforeTest()[pri:0, instance:TestCourse.YaTest@635eaaf1]" started-at="2018-03-03T22:55:02Z" name="beforeTest" finished-at="2018-03-03T22:55:02Z" duration-ms="4" status="PASS">
          <reporter-output>
          </reporter-output>
        </test-method> <!-- beforeTest -->
        <test-method signature="searchTest()[pri:0, instance:TestCourse.YaTest@635eaaf1]" started-at="2018-03-03T22:55:02Z" name="searchTest" finished-at="2018-03-03T22:55:04Z" duration-ms="2197" status="PASS">
          <reporter-output>
          </reporter-output>
        </test-method> <!-- searchTest -->
        <test-method is-config="true" signature="tearDown()[pri:0, instance:TestCourse.YaTest@635eaaf1]" started-at="2018-03-03T22:55:04Z" name="tearDown" finished-at="2018-03-03T22:55:05Z" duration-ms="773" status="PASS">
          <reporter-output>
          </reporter-output>
        </test-method> <!-- tearDown -->
      </class> <!-- TestCourse.YaTest -->
    </test> <!-- Command line test -->
  </suite> <!-- Command line suite -->
</testng-results>
